{"name": "wishlist the product in to flipkart -- @1.3 ", "status": "broken", "statusDetails": {"message": "selenium.common.exceptions.NoSuchElementException: Message: no such element: Unable to locate element: {\"method\":\"xpath\",\"selector\":\"/html/body/div/div/div[1]/div[1]/div[2]/div[3]/div/div/div[2]/div[2]/div/ul/li[5]/a\"}\n  (Session info: chrome=107.0.5304.107)\n\n", "trace": "  File \"C:\\Users\\DELL\\PycharmProjects\\Sprint2\\venv\\lib\\site-packages\\behave\\model.py\", line 1329, in run\n    match.run(runner.context)\n  File \"C:\\Users\\DELL\\PycharmProjects\\Sprint2\\venv\\lib\\site-packages\\behave\\matchers.py\", line 98, in run\n    self.func(context, *args, **kwargs)\n  File \"features\\steps\\wishlistfeature.py\", line 196, in step_impl\n    context.profile.click_on_wishlist()\n  File \"C:\\Users\\DELL\\PycharmProjects\\Sprint2\\features\\pageobject\\profile.py\", line 25, in click_on_wishlist\n    CC.click(self.driver.find_element(By.XPATH, ConfigReader(\"locators\",\"OPTIONLISTED_XPATH\")))\n  File \"C:\\Users\\DELL\\PycharmProjects\\Sprint2\\venv\\lib\\site-packages\\selenium\\webdriver\\remote\\webdriver.py\", line 976, in find_element\n    return self.execute(Command.FIND_ELEMENT, {\n  File \"C:\\Users\\DELL\\PycharmProjects\\Sprint2\\venv\\lib\\site-packages\\selenium\\webdriver\\remote\\webdriver.py\", line 321, in execute\n    self.error_handler.check_response(response)\n  File \"C:\\Users\\DELL\\PycharmProjects\\Sprint2\\venv\\lib\\site-packages\\selenium\\webdriver\\remote\\errorhandler.py\", line 242, in check_response\n    raise exception_class(message, screen, stacktrace)\n"}, "steps": [{"name": "Given We are on flipkart website", "status": "passed", "start": 1668151417029, "stop": 1668151461431}, {"name": "Then Enter your \"vaishnavigulwe1307@gmail.com\" in the feild", "status": "passed", "start": 1668151461431, "stop": 1668151481638}, {"name": "And Enter your \"Vaish@1307\" in the box", "status": "passed", "start": 1668151481638, "stop": 1668151501791}, {"name": "And Click login", "status": "passed", "start": 1668151501791, "stop": 1668151501844}, {"name": "Then Type \"noise evolve 3\" in search bar", "status": "passed", "start": 1668151501844, "stop": 1668151522036}, {"name": "And Click on search button", "status": "passed", "start": 1668151522036, "stop": 1668151522106}, {"name": "Then Click on the wishlist button", "status": "passed", "start": 1668151522107, "stop": 1668151532726}, {"name": "And Click on the username", "status": "passed", "start": 1668151532726, "stop": 1668151533007}, {"name": "And Click on the wishlist from the option listed", "status": "broken", "statusDetails": {"message": "selenium.common.exceptions.NoSuchElementException: Message: no such element: Unable to locate element: {\"method\":\"xpath\",\"selector\":\"/html/body/div/div/div[1]/div[1]/div[2]/div[3]/div/div/div[2]/div[2]/div/ul/li[5]/a\"}\n  (Session info: chrome=107.0.5304.107)\n\n", "trace": "  File \"C:\\Users\\DELL\\PycharmProjects\\Sprint2\\venv\\lib\\site-packages\\behave\\model.py\", line 1329, in run\n    match.run(runner.context)\n  File \"C:\\Users\\DELL\\PycharmProjects\\Sprint2\\venv\\lib\\site-packages\\behave\\matchers.py\", line 98, in run\n    self.func(context, *args, **kwargs)\n  File \"features\\steps\\wishlistfeature.py\", line 196, in step_impl\n    context.profile.click_on_wishlist()\n  File \"C:\\Users\\DELL\\PycharmProjects\\Sprint2\\features\\pageobject\\profile.py\", line 25, in click_on_wishlist\n    CC.click(self.driver.find_element(By.XPATH, ConfigReader(\"locators\",\"OPTIONLISTED_XPATH\")))\n  File \"C:\\Users\\DELL\\PycharmProjects\\Sprint2\\venv\\lib\\site-packages\\selenium\\webdriver\\remote\\webdriver.py\", line 976, in find_element\n    return self.execute(Command.FIND_ELEMENT, {\n  File \"C:\\Users\\DELL\\PycharmProjects\\Sprint2\\venv\\lib\\site-packages\\selenium\\webdriver\\remote\\webdriver.py\", line 321, in execute\n    self.error_handler.check_response(response)\n  File \"C:\\Users\\DELL\\PycharmProjects\\Sprint2\\venv\\lib\\site-packages\\selenium\\webdriver\\remote\\errorhandler.py\", line 242, in check_response\n    raise exception_class(message, screen, stacktrace)\n"}, "attachments": [{"name": "screenshot", "source": "97c01ede-e92a-4e34-8fb9-34d5db8043f0-attachment.png", "type": "image/png"}], "start": 1668151533007, "stop": 1668151578250}, {"name": "Then Check the product is in the wishlist", "status": "skipped", "start": 1668151583642, "stop": 1668151583642}, {"name": "And Click on the wishlist product", "status": "skipped", "start": 1668151583642, "stop": 1668151583642}, {"name": "Then Verify the product", "status": "skipped", "start": 1668151583642, "stop": 1668151583642}, {"name": "And Close the tab", "status": "skipped", "start": 1668151583642, "stop": 1668151583642}, {"name": "Then Click on the delete button", "status": "skipped", "start": 1668151583642, "stop": 1668151583642}, {"name": "And Click on the yes remove", "status": "skipped", "start": 1668151583642, "stop": 1668151583642}], "parameters": [{"name": "username", "value": "vaishnavigulwe1307@gmail.com"}, {"name": "password", "value": "Vaish@1307"}, {"name": "searchTEXT", "value": "noise evolve 3"}], "start": 1668151411567, "stop": 1668151583642, "uuid": "7001f5ca-5d15-4083-9c4b-7f5ace9def8a", "historyId": "1da7bb10e5a2064351b9dcf833cd038a", "fullName": "wishlist flipkart: wishlist the product in to flipkart", "labels": [{"name": "severity", "value": "normal"}, {"name": "feature", "value": "wishlist flipkart"}, {"name": "framework", "value": "behave"}, {"name": "language", "value": "cpython3"}]}