{"uid":"1938d8ac459ad286","name":"wishlist the product in to flipkart -- @1.2 ","fullName":"wishlist flipkart: wishlist the product in to flipkart","historyId":"6154632d6e9b9551aa0e7419fa461d2e","time":{"start":1668146712634,"stop":1668146902997,"duration":190363},"status":"broken","statusMessage":"selenium.common.exceptions.NoSuchElementException: Message: no such element: Unable to locate element: {\"method\":\"xpath\",\"selector\":\"//*[@id='container']/div/div[3]/div/div[2]/div/div/div[2]/a/div[2]/div[1]/div[1]\"}\n  (Session info: chrome=107.0.5304.107)\n\n","statusTrace":"  File \"C:\\Users\\DELL\\PycharmProjects\\Sprint2\\venv\\lib\\site-packages\\behave\\model.py\", line 1329, in run\n    match.run(runner.context)\n  File \"C:\\Users\\DELL\\PycharmProjects\\Sprint2\\venv\\lib\\site-packages\\behave\\matchers.py\", line 98, in run\n    self.func(context, *args, **kwargs)\n  File \"features\\steps\\wishlistfeature.py\", line 205, in step_impl\n    context.wishlist.Check_product_in_wishlist()\n  File \"C:\\Users\\DELL\\PycharmProjects\\Sprint2\\features\\pageobject\\wishlist.py\", line 29, in Check_product_in_wishlist\n    self.ClickButton(\"WISHLISTPRODUCT_XPATH\")\n  File \"C:\\Users\\DELL\\PycharmProjects\\Sprint2\\features\\pageobject\\Base.py\", line 128, in ClickButton\n    self.driver.find_element_by_xpath(configreader.ConfigReader(\"locators\", locator)).click()\n  File \"C:\\Users\\DELL\\PycharmProjects\\Sprint2\\venv\\lib\\site-packages\\selenium\\webdriver\\remote\\webdriver.py\", line 394, in find_element_by_xpath\n    return self.find_element(by=By.XPATH, value=xpath)\n  File \"C:\\Users\\DELL\\PycharmProjects\\Sprint2\\venv\\lib\\site-packages\\selenium\\webdriver\\remote\\webdriver.py\", line 976, in find_element\n    return self.execute(Command.FIND_ELEMENT, {\n  File \"C:\\Users\\DELL\\PycharmProjects\\Sprint2\\venv\\lib\\site-packages\\selenium\\webdriver\\remote\\webdriver.py\", line 321, in execute\n    self.error_handler.check_response(response)\n  File \"C:\\Users\\DELL\\PycharmProjects\\Sprint2\\venv\\lib\\site-packages\\selenium\\webdriver\\remote\\errorhandler.py\", line 242, in check_response\n    raise exception_class(message, screen, stacktrace)\n","flaky":false,"newFailed":false,"newBroken":false,"newPassed":false,"retriesCount":0,"retriesStatusChange":false,"beforeStages":[],"testStage":{"status":"broken","statusMessage":"selenium.common.exceptions.NoSuchElementException: Message: no such element: Unable to locate element: {\"method\":\"xpath\",\"selector\":\"//*[@id='container']/div/div[3]/div/div[2]/div/div/div[2]/a/div[2]/div[1]/div[1]\"}\n  (Session info: chrome=107.0.5304.107)\n\n","statusTrace":"  File \"C:\\Users\\DELL\\PycharmProjects\\Sprint2\\venv\\lib\\site-packages\\behave\\model.py\", line 1329, in run\n    match.run(runner.context)\n  File \"C:\\Users\\DELL\\PycharmProjects\\Sprint2\\venv\\lib\\site-packages\\behave\\matchers.py\", line 98, in run\n    self.func(context, *args, **kwargs)\n  File \"features\\steps\\wishlistfeature.py\", line 205, in step_impl\n    context.wishlist.Check_product_in_wishlist()\n  File \"C:\\Users\\DELL\\PycharmProjects\\Sprint2\\features\\pageobject\\wishlist.py\", line 29, in Check_product_in_wishlist\n    self.ClickButton(\"WISHLISTPRODUCT_XPATH\")\n  File \"C:\\Users\\DELL\\PycharmProjects\\Sprint2\\features\\pageobject\\Base.py\", line 128, in ClickButton\n    self.driver.find_element_by_xpath(configreader.ConfigReader(\"locators\", locator)).click()\n  File \"C:\\Users\\DELL\\PycharmProjects\\Sprint2\\venv\\lib\\site-packages\\selenium\\webdriver\\remote\\webdriver.py\", line 394, in find_element_by_xpath\n    return self.find_element(by=By.XPATH, value=xpath)\n  File \"C:\\Users\\DELL\\PycharmProjects\\Sprint2\\venv\\lib\\site-packages\\selenium\\webdriver\\remote\\webdriver.py\", line 976, in find_element\n    return self.execute(Command.FIND_ELEMENT, {\n  File \"C:\\Users\\DELL\\PycharmProjects\\Sprint2\\venv\\lib\\site-packages\\selenium\\webdriver\\remote\\webdriver.py\", line 321, in execute\n    self.error_handler.check_response(response)\n  File \"C:\\Users\\DELL\\PycharmProjects\\Sprint2\\venv\\lib\\site-packages\\selenium\\webdriver\\remote\\errorhandler.py\", line 242, in check_response\n    raise exception_class(message, screen, stacktrace)\n","steps":[{"name":"Given We are on flipkart website","time":{"start":1668146725100,"stop":1668146771986,"duration":46886},"status":"passed","steps":[],"attachments":[],"parameters":[],"shouldDisplayMessage":false,"attachmentsCount":0,"hasContent":false,"stepsCount":0},{"name":"Then Enter your \"vaishnavigulwe1307@gmail.com\" in the feild","time":{"start":1668146771986,"stop":1668146792408,"duration":20422},"status":"passed","steps":[],"attachments":[],"parameters":[],"shouldDisplayMessage":false,"attachmentsCount":0,"hasContent":false,"stepsCount":0},{"name":"And Enter your \"Vaish@1307\" in the box","time":{"start":1668146792408,"stop":1668146812707,"duration":20299},"status":"passed","steps":[],"attachments":[],"parameters":[],"shouldDisplayMessage":false,"attachmentsCount":0,"hasContent":false,"stepsCount":0},{"name":"And Click login","time":{"start":1668146812707,"stop":1668146812839,"duration":132},"status":"passed","steps":[],"attachments":[],"parameters":[],"shouldDisplayMessage":false,"attachmentsCount":0,"hasContent":false,"stepsCount":0},{"name":"Then Type \"oppo f19 pro\" in search bar","time":{"start":1668146812839,"stop":1668146833293,"duration":20454},"status":"passed","steps":[],"attachments":[],"parameters":[],"shouldDisplayMessage":false,"attachmentsCount":0,"hasContent":false,"stepsCount":0},{"name":"And Click on search button","time":{"start":1668146833293,"stop":1668146833471,"duration":178},"status":"passed","steps":[],"attachments":[],"parameters":[],"shouldDisplayMessage":false,"attachmentsCount":0,"hasContent":false,"stepsCount":0},{"name":"Then Click on the wishlist button","time":{"start":1668146833471,"stop":1668146844134,"duration":10663},"status":"passed","steps":[],"attachments":[],"parameters":[],"shouldDisplayMessage":false,"attachmentsCount":0,"hasContent":false,"stepsCount":0},{"name":"And Click on the username","time":{"start":1668146844134,"stop":1668146844438,"duration":304},"status":"passed","steps":[],"attachments":[],"parameters":[],"shouldDisplayMessage":false,"attachmentsCount":0,"hasContent":false,"stepsCount":0},{"name":"And Click on the wishlist from the option listed","time":{"start":1668146844438,"stop":1668146849832,"duration":5394},"status":"passed","steps":[],"attachments":[],"parameters":[],"shouldDisplayMessage":false,"attachmentsCount":0,"hasContent":false,"stepsCount":0},{"name":"Then Check the product is in the wishlist","time":{"start":1668146849832,"stop":1668146849892,"duration":60},"status":"passed","steps":[],"attachments":[],"parameters":[],"shouldDisplayMessage":false,"attachmentsCount":0,"hasContent":false,"stepsCount":0},{"name":"And Click on the wishlist product","time":{"start":1668146849892,"stop":1668146897360,"duration":47468},"status":"broken","statusMessage":"selenium.common.exceptions.NoSuchElementException: Message: no such element: Unable to locate element: {\"method\":\"xpath\",\"selector\":\"//*[@id='container']/div/div[3]/div/div[2]/div/div/div[2]/a/div[2]/div[1]/div[1]\"}\n  (Session info: chrome=107.0.5304.107)\n\n","statusTrace":"  File \"C:\\Users\\DELL\\PycharmProjects\\Sprint2\\venv\\lib\\site-packages\\behave\\model.py\", line 1329, in run\n    match.run(runner.context)\n  File \"C:\\Users\\DELL\\PycharmProjects\\Sprint2\\venv\\lib\\site-packages\\behave\\matchers.py\", line 98, in run\n    self.func(context, *args, **kwargs)\n  File \"features\\steps\\wishlistfeature.py\", line 205, in step_impl\n    context.wishlist.Check_product_in_wishlist()\n  File \"C:\\Users\\DELL\\PycharmProjects\\Sprint2\\features\\pageobject\\wishlist.py\", line 29, in Check_product_in_wishlist\n    self.ClickButton(\"WISHLISTPRODUCT_XPATH\")\n  File \"C:\\Users\\DELL\\PycharmProjects\\Sprint2\\features\\pageobject\\Base.py\", line 128, in ClickButton\n    self.driver.find_element_by_xpath(configreader.ConfigReader(\"locators\", locator)).click()\n  File \"C:\\Users\\DELL\\PycharmProjects\\Sprint2\\venv\\lib\\site-packages\\selenium\\webdriver\\remote\\webdriver.py\", line 394, in find_element_by_xpath\n    return self.find_element(by=By.XPATH, value=xpath)\n  File \"C:\\Users\\DELL\\PycharmProjects\\Sprint2\\venv\\lib\\site-packages\\selenium\\webdriver\\remote\\webdriver.py\", line 976, in find_element\n    return self.execute(Command.FIND_ELEMENT, {\n  File \"C:\\Users\\DELL\\PycharmProjects\\Sprint2\\venv\\lib\\site-packages\\selenium\\webdriver\\remote\\webdriver.py\", line 321, in execute\n    self.error_handler.check_response(response)\n  File \"C:\\Users\\DELL\\PycharmProjects\\Sprint2\\venv\\lib\\site-packages\\selenium\\webdriver\\remote\\errorhandler.py\", line 242, in check_response\n    raise exception_class(message, screen, stacktrace)\n","steps":[],"attachments":[{"uid":"ec874e43334209c6","name":"screenshot","source":"ec874e43334209c6.png","type":"image/png","size":153135}],"parameters":[],"shouldDisplayMessage":true,"attachmentsCount":1,"hasContent":true,"stepsCount":0},{"name":"Then Verify the product","time":{"start":1668146902997,"stop":1668146902997,"duration":0},"status":"skipped","steps":[],"attachments":[],"parameters":[],"shouldDisplayMessage":false,"attachmentsCount":0,"hasContent":false,"stepsCount":0},{"name":"And Close the tab","time":{"start":1668146902997,"stop":1668146902997,"duration":0},"status":"skipped","steps":[],"attachments":[],"parameters":[],"shouldDisplayMessage":false,"attachmentsCount":0,"hasContent":false,"stepsCount":0},{"name":"Then Click on the delete button","time":{"start":1668146902997,"stop":1668146902997,"duration":0},"status":"skipped","steps":[],"attachments":[],"parameters":[],"shouldDisplayMessage":false,"attachmentsCount":0,"hasContent":false,"stepsCount":0},{"name":"And Click on the yes remove","time":{"start":1668146902997,"stop":1668146902997,"duration":0},"status":"skipped","steps":[],"attachments":[],"parameters":[],"shouldDisplayMessage":false,"attachmentsCount":0,"hasContent":false,"stepsCount":0}],"attachments":[],"parameters":[],"shouldDisplayMessage":false,"attachmentsCount":1,"hasContent":true,"stepsCount":15},"afterStages":[],"labels":[{"name":"severity","value":"normal"},{"name":"feature","value":"wishlist flipkart"},{"name":"framework","value":"behave"},{"name":"language","value":"cpython3"},{"name":"resultFormat","value":"allure2"}],"parameters":[{"name":"password","value":"Vaish@1307"},{"name":"searchTEXT","value":"oppo f19 pro"},{"name":"username","value":"vaishnavigulwe1307@gmail.com"}],"links":[],"hidden":true,"retry":true,"extra":{"categories":[],"tags":[]},"source":"1938d8ac459ad286.json","parameterValues":["Vaish@1307","oppo f19 pro","vaishnavigulwe1307@gmail.com"]}